# JRE version: OpenJDK Runtime Environment (11.0.11+9) (build 11.0.11+9-b60-7590822)
# Java VM: OpenJDK 64-Bit Server VM (11.0.11+9-b60-7590822, mixed mode, tiered, compressed oops, g1 gc, windows-amd64)
Heap:
 garbage-first heap   total 262144K, used 179430K [0x0000000080000000, 0x0000000100000000)
  region size 1024K, 54 young (55296K), 10 survivors (10240K)
 Metaspace       used 111717K, capacity 114434K, committed 114672K, reserved 1148928K
  class space    used 13832K, capacity 14813K, committed 15000K, reserved 1048576K
GC Heap History (20 events):
Event: 19.914 GC heap before
{Heap before GC invocations=18 (full 0):
 garbage-first heap   total 262144K, used 160320K [0x0000000080000000, 0x0000000100000000)
  region size 1024K, 38 young (38912K), 3 survivors (3072K)
 Metaspace       used 94489K, capacity 97223K, committed 97264K, reserved 1134592K
  class space    used 12144K, capacity 13172K, committed 13208K, reserved 1048576K
}
Event: 19.922 GC heap after
{Heap after GC invocations=19 (full 0):
 garbage-first heap   total 262144K, used 130030K [0x0000000080000000, 0x0000000100000000)
  region size 1024K, 7 young (7168K), 7 survivors (7168K)
 Metaspace       used 94489K, capacity 97223K, committed 97264K, reserved 1134592K
  class space    used 12144K, capacity 13172K, committed 13208K, reserved 1048576K
}
Event: 21.049 GC heap before
{Heap before GC invocations=20 (full 0):
 garbage-first heap   total 262144K, used 228334K [0x0000000080000000, 0x0000000100000000)
  region size 1024K, 87 young (89088K), 7 survivors (7168K)
 Metaspace       used 97834K, capacity 100097K, committed 101360K, reserved 1136640K
  class space    used 12231K, capacity 13066K, committed 13464K, reserved 1048576K
}
Event: 21.062 GC heap after
{Heap after GC invocations=21 (full 0):
 garbage-first heap   total 262144K, used 135710K [0x0000000080000000, 0x0000000100000000)
  region size 1024K, 11 young (11264K), 11 survivors (11264K)
 Metaspace       used 97834K, capacity 100097K, committed 101360K, reserved 1136640K
  class space    used 12231K, capacity 13066K, committed 13464K, reserved 1048576K
}
Event: 21.609 GC heap before
{Heap before GC invocations=21 (full 0):
 garbage-first heap   total 262144K, used 210462K [0x0000000080000000, 0x0000000100000000)
  region size 1024K, 85 young (87040K), 11 survivors (11264K)
 Metaspace       used 98845K, capacity 101133K, committed 102256K, reserved 1138688K
  class space    used 12295K, capacity 13132K, committed 13592K, reserved 1048576K
}
Event: 21.618 GC heap after
{Heap after GC invocations=22 (full 0):
 garbage-first heap   total 262144K, used 131633K [0x0000000080000000, 0x0000000100000000)
  region size 1024K, 3 young (3072K), 3 survivors (3072K)
 Metaspace       used 98845K, capacity 101133K, committed 102256K, reserved 1138688K
  class space    used 12295K, capacity 13132K, committed 13592K, reserved 1048576K
}
Event: 23.254 GC heap before
{Heap before GC invocations=23 (full 0):
 garbage-first heap   total 262144K, used 198193K [0x0000000080000000, 0x0000000100000000)
  region size 1024K, 80 young (81920K), 3 survivors (3072K)
 Metaspace       used 100222K, capacity 102705K, committed 103664K, reserved 1138688K
  class space    used 12468K, capacity 13341K, committed 13720K, reserved 1048576K
}
Event: 23.265 GC heap after
{Heap after GC invocations=24 (full 0):
 garbage-first heap   total 262144K, used 123838K [0x0000000080000000, 0x0000000100000000)
  region size 1024K, 6 young (6144K), 6 survivors (6144K)
 Metaspace       used 100222K, capacity 102705K, committed 103664K, reserved 1138688K
  class space    used 12468K, capacity 13341K, committed 13720K, reserved 1048576K
}
Event: 23.321 GC heap before
{Heap before GC invocations=24 (full 0):
 garbage-first heap   total 262144K, used 128958K [0x0000000080000000, 0x0000000100000000)
  region size 1024K, 12 young (12288K), 6 survivors (6144K)
 Metaspace       used 100222K, capacity 102705K, committed 103664K, reserved 1138688K
  class space    used 12468K, capacity 13341K, committed 13720K, reserved 1048576K
}
Event: 23.331 GC heap after
{Heap after GC invocations=25 (full 0):
 garbage-first heap   total 262144K, used 110519K [0x0000000080000000, 0x0000000100000000)
  region size 1024K, 1 young (1024K), 1 survivors (1024K)
 Metaspace       used 100222K, capacity 102705K, committed 103664K, reserved 1138688K
  class space    used 12468K, capacity 13341K, committed 13720K, reserved 1048576K
}
Event: 24.097 GC heap before
{Heap before GC invocations=25 (full 0):
 garbage-first heap   total 262144K, used 202679K [0x0000000080000000, 0x0000000100000000)
  region size 1024K, 92 young (94208K), 1 survivors (1024K)
 Metaspace       used 101474K, capacity 103924K, committed 104944K, reserved 1140736K
  class space    used 12636K, capacity 13546K, committed 13976K, reserved 1048576K
}
Event: 24.103 GC heap after
{Heap after GC invocations=26 (full 0):
 garbage-first heap   total 262144K, used 114492K [0x0000000080000000, 0x0000000100000000)
  region size 1024K, 5 young (5120K), 5 survivors (5120K)
 Metaspace       used 101474K, capacity 103924K, committed 104944K, reserved 1140736K
  class space    used 12636K, capacity 13546K, committed 13976K, reserved 1048576K
}
Event: 24.920 GC heap before
{Heap before GC invocations=26 (full 0):
 garbage-first heap   total 262144K, used 206652K [0x0000000080000000, 0x0000000100000000)
  region size 1024K, 96 young (98304K), 5 survivors (5120K)
 Metaspace       used 103661K, capacity 106108K, committed 106992K, reserved 1142784K
  class space    used 12914K, capacity 13803K, committed 14232K, reserved 1048576K
}
Event: 24.931 GC heap after
{Heap after GC invocations=27 (full 0):
 garbage-first heap   total 262144K, used 117858K [0x0000000080000000, 0x0000000100000000)
  region size 1024K, 8 young (8192K), 8 survivors (8192K)
 Metaspace       used 103661K, capacity 106108K, committed 106992K, reserved 1142784K
  class space    used 12914K, capacity 13803K, committed 14232K, reserved 1048576K
}
Event: 28.311 GC heap before
{Heap before GC invocations=27 (full 0):
 garbage-first heap   total 262144K, used 210018K [0x0000000080000000, 0x0000000100000000)
  region size 1024K, 99 young (101376K), 8 survivors (8192K)
 Metaspace       used 105577K, capacity 108097K, committed 108912K, reserved 1144832K
  class space    used 13094K, capacity 14018K, committed 14360K, reserved 1048576K
}
Event: 28.325 GC heap after
{Heap after GC invocations=28 (full 0):
 garbage-first heap   total 262144K, used 127954K [0x0000000080000000, 0x0000000100000000)
  region size 1024K, 13 young (13312K), 13 survivors (13312K)
 Metaspace       used 105577K, capacity 108097K, committed 108912K, reserved 1144832K
  class space    used 13094K, capacity 14018K, committed 14360K, reserved 1048576K
}
Event: 29.585 GC heap before
{Heap before GC invocations=28 (full 0):
 garbage-first heap   total 262144K, used 211922K [0x0000000080000000, 0x0000000100000000)
  region size 1024K, 96 young (98304K), 13 survivors (13312K)
 Metaspace       used 108213K, capacity 110725K, committed 111472K, reserved 1146880K
  class space    used 13378K, capacity 14315K, committed 14616K, reserved 1048576K
}
Event: 29.596 GC heap after
{Heap after GC invocations=29 (full 0):
 garbage-first heap   total 262144K, used 130977K [0x0000000080000000, 0x0000000100000000)
  region size 1024K, 6 young (6144K), 6 survivors (6144K)
 Metaspace       used 108213K, capacity 110725K, committed 111472K, reserved 1146880K
  class space    used 13378K, capacity 14315K, committed 14616K, reserved 1048576K
}
Event: 47.728 GC heap before
{Heap before GC invocations=29 (full 0):
 garbage-first heap   total 262144K, used 213921K [0x0000000080000000, 0x0000000100000000)
  region size 1024K, 88 young (90112K), 6 survivors (6144K)
 Metaspace       used 111418K, capacity 114148K, committed 114416K, reserved 1148928K
  class space    used 13822K, capacity 14805K, committed 15000K, reserved 1048576K
}
Event: 47.737 GC heap after
{Heap after GC invocations=30 (full 0):
 garbage-first heap   total 262144K, used 135398K [0x0000000080000000, 0x0000000100000000)
  region size 1024K, 10 young (10240K), 10 survivors (10240K)
 Metaspace       used 111418K, capacity 114148K, committed 114416K, reserved 1148928K
  class space    used 13822K, capacity 14805K, committed 15000K, reserved 1048576K
}

