# JRE version: OpenJDK Runtime Environment (11.0.11+9) (build 11.0.11+9-b60-7590822)
# Java VM: OpenJDK 64-Bit Server VM (11.0.11+9-b60-7590822, mixed mode, tiered, compressed oops, g1 gc, windows-amd64)
Heap:
 garbage-first heap   total 262144K, used 130590K [0x0000000080000000, 0x0000000100000000)
  region size 1024K, 113 young (115712K), 13 survivors (13312K)
 Metaspace       used 48669K, capacity 50036K, committed 50172K, reserved 1093632K
  class space    used 6196K, capacity 6711K, committed 6784K, reserved 1048576K
GC Heap History (10 events):
Event: 0.794 GC heap before
{Heap before GC invocations=0 (full 0):
 garbage-first heap   total 262144K, used 29696K [0x0000000080000000, 0x0000000100000000)
  region size 1024K, 24 young (24576K), 0 survivors (0K)
 Metaspace       used 10242K, capacity 10429K, committed 10624K, reserved 1058816K
  class space    used 1066K, capacity 1140K, committed 1152K, reserved 1048576K
}
Event: 0.798 GC heap after
{Heap after GC invocations=1 (full 0):
 garbage-first heap   total 262144K, used 9171K [0x0000000080000000, 0x0000000100000000)
  region size 1024K, 3 young (3072K), 3 survivors (3072K)
 Metaspace       used 10242K, capacity 10429K, committed 10624K, reserved 1058816K
  class space    used 1066K, capacity 1140K, committed 1152K, reserved 1048576K
}
Event: 2.426 GC heap before
{Heap before GC invocations=1 (full 0):
 garbage-first heap   total 262144K, used 111571K [0x0000000080000000, 0x0000000100000000)
  region size 1024K, 104 young (106496K), 3 survivors (3072K)
 Metaspace       used 20725K, capacity 21177K, committed 21296K, reserved 1069056K
  class space    used 2537K, capacity 2680K, committed 2688K, reserved 1048576K
}
Event: 2.436 GC heap after
{Heap after GC invocations=2 (full 0):
 garbage-first heap   total 262144K, used 17300K [0x0000000080000000, 0x0000000100000000)
  region size 1024K, 11 young (11264K), 11 survivors (11264K)
 Metaspace       used 20725K, capacity 21177K, committed 21296K, reserved 1069056K
  class space    used 2537K, capacity 2680K, committed 2688K, reserved 1048576K
}
Event: 2.914 GC heap before
{Heap before GC invocations=3 (full 0):
 garbage-first heap   total 262144K, used 56212K [0x0000000080000000, 0x0000000100000000)
  region size 1024K, 50 young (51200K), 11 survivors (11264K)
 Metaspace       used 24630K, capacity 25170K, committed 25392K, reserved 1071104K
  class space    used 3137K, capacity 3356K, committed 3456K, reserved 1048576K
}
Event: 2.925 GC heap after
{Heap after GC invocations=4 (full 0):
 garbage-first heap   total 262144K, used 18110K [0x0000000080000000, 0x0000000100000000)
  region size 1024K, 2 young (2048K), 2 survivors (2048K)
 Metaspace       used 24630K, capacity 25170K, committed 25392K, reserved 1071104K
  class space    used 3137K, capacity 3356K, committed 3456K, reserved 1048576K
}
Event: 4.122 GC heap before
{Heap before GC invocations=4 (full 0):
 garbage-first heap   total 262144K, used 90814K [0x0000000080000000, 0x0000000100000000)
  region size 1024K, 74 young (75776K), 2 survivors (2048K)
 Metaspace       used 34838K, capacity 35630K, committed 35708K, reserved 1081344K
  class space    used 4497K, capacity 4807K, committed 4864K, reserved 1048576K
}
Event: 4.133 GC heap after
{Heap after GC invocations=5 (full 0):
 garbage-first heap   total 262144K, used 21539K [0x0000000080000000, 0x0000000100000000)
  region size 1024K, 6 young (6144K), 6 survivors (6144K)
 Metaspace       used 34838K, capacity 35630K, committed 35708K, reserved 1081344K
  class space    used 4497K, capacity 4807K, committed 4864K, reserved 1048576K
}
Event: 6.065 GC heap before
{Heap before GC invocations=6 (full 0):
 garbage-first heap   total 262144K, used 129059K [0x0000000080000000, 0x0000000100000000)
  region size 1024K, 108 young (110592K), 6 survivors (6144K)
 Metaspace       used 43936K, capacity 45098K, committed 45308K, reserved 1089536K
  class space    used 5572K, capacity 5969K, committed 6016K, reserved 1048576K
}
Event: 6.076 GC heap after
{Heap after GC invocations=7 (full 0):
 garbage-first heap   total 262144K, used 29214K [0x0000000080000000, 0x0000000100000000)
  region size 1024K, 13 young (13312K), 13 survivors (13312K)
 Metaspace       used 43936K, capacity 45098K, committed 45308K, reserved 1089536K
  class space    used 5572K, capacity 5969K, committed 6016K, reserved 1048576K
}

